<?xml version="1.0" encoding="UTF-8"?>
<!-- Generated by org.testng.reporters.JUnitReportReporter -->
<testsuite skipped="0" hostname="Simba" name="com.sdet.LogIN_Test" tests="1" failures="0" timestamp="2022-12-02T00:30:31 IST" time="32.313" errors="0">
  <testcase name="logIntest" time="32.313" classname="com.sdet.LogIN_Test"/>
  <system-out/>
</testsuite> <!-- com.sdet.LogIN_Test -->
