<?xml version="1.0" encoding="UTF-8"?>
<!-- Generated by org.testng.reporters.JUnitReportReporter -->
<testsuite skipped="0" hostname="Simba" name="com.sdet.App_Test" tests="2" failures="0" timestamp="2022-12-02T00:30:31 IST" time="0.005" errors="0">
  <testcase name="test2" time="0.004" classname="com.sdet.App_Test"/>
  <system-out/>
  <testcase name="testlogin01" time="0.001" classname="com.sdet.App_Test"/>
  <system-out/>
</testsuite> <!-- com.sdet.App_Test -->
